Testsuite: racetrack.RegistrationControllerTests
Tests run: 8, Failures: 5, Errors: 0, Time elapsed: 0.747 sec
------------- Standard Error -----------------
--Output from testIndex--
--Output from testList--
--Output from testCreate--
--Output from testSave--
--Output from testShow--
--Output from testEdit--
--Output from testUpdate--
--Output from testDelete--
------------- ---------------- ---------------

Testcase: testIndex took 0.215 sec
Testcase: testList took 0.059 sec
Testcase: testCreate took 0.05 sec
Testcase: testSave took 0.075 sec
	FAILED
Assertion failed: 

assert response.redirectedUrl == '/registration/show/1'
       |        |             |
       |        null          false
       org.codehaus.groovy.grails.plugins.testing.GrailsMockHttpServletResponse@54737611

junit.framework.AssertionFailedError: Assertion failed: 

assert response.redirectedUrl == '/registration/show/1'
       |        |             |
       |        null          false
       org.codehaus.groovy.grails.plugins.testing.GrailsMockHttpServletResponse@54737611

	at racetrack.RegistrationControllerTests.testSave(RegistrationControllerTests.groovy:49)

Testcase: testShow took 0.071 sec
	FAILED
Assertion failed: 

assert registration.save() != null
       |            |      |
       |            null   false
       racetrack.Registration : null

junit.framework.AssertionFailedError: Assertion failed: 

assert registration.save() != null
       |            |      |
       |            null   false
       racetrack.Registration : null

	at racetrack.RegistrationControllerTests.testShow(RegistrationControllerTests.groovy:64)

Testcase: testEdit took 0.06 sec
	FAILED
Assertion failed: 

assert registration.save() != null
       |            |      |
       |            null   false
       racetrack.Registration : null

junit.framework.AssertionFailedError: Assertion failed: 

assert registration.save() != null
       |            |      |
       |            null   false
       racetrack.Registration : null

	at racetrack.RegistrationControllerTests.testEdit(RegistrationControllerTests.groovy:83)

Testcase: testUpdate took 0.077 sec
	FAILED
Assertion failed: 

assert registration.save() != null
       |            |      |
       |            null   false
       racetrack.Registration : null

junit.framework.AssertionFailedError: Assertion failed: 

assert registration.save() != null
       |            |      |
       |            null   false
       racetrack.Registration : null

	at racetrack.RegistrationControllerTests.testUpdate(RegistrationControllerTests.groovy:104)

Testcase: testDelete took 0.06 sec
	FAILED
Assertion failed: 

assert registration.save() != null
       |            |      |
       |            null   false
       racetrack.Registration : null

junit.framework.AssertionFailedError: Assertion failed: 

assert registration.save() != null
       |            |      |
       |            null   false
       racetrack.Registration : null

	at racetrack.RegistrationControllerTests.testDelete(RegistrationControllerTests.groovy:148)

