Testsuite: racetrack.RunnerTests
Tests run: 1, Failures: 1, Errors: 0, Time elapsed: 0.033 sec
------------- Standard Error -----------------
--Output from testSomething--
------------- ---------------- ---------------

Testcase: testSomething took 0.031 sec
	FAILED
java.lang.AssertionError: Implement me
junit.framework.AssertionFailedError: java.lang.AssertionError: Implement me
	at racetrack.RunnerTests.testSomething(RunnerTests.groovy:15)

