Testsuite: racetrack.RegistrationTests
Tests run: 1, Failures: 1, Errors: 0, Time elapsed: 0.134 sec
------------- Standard Error -----------------
--Output from testSomething--
------------- ---------------- ---------------

Testcase: testSomething took 0.052 sec
	FAILED
java.lang.AssertionError: Implement me
junit.framework.AssertionFailedError: java.lang.AssertionError: Implement me
	at racetrack.RegistrationTests.testSomething(RegistrationTests.groovy:15)

