Testsuite: racetrack.RunnerControllerTests
Tests run: 8, Failures: 5, Errors: 0, Time elapsed: 0.611 sec
------------- Standard Error -----------------
--Output from testIndex--
--Output from testList--
--Output from testCreate--
--Output from testSave--
--Output from testShow--
--Output from testEdit--
--Output from testUpdate--
--Output from testDelete--
------------- ---------------- ---------------

Testcase: testIndex took 0.198 sec
Testcase: testList took 0.041 sec
Testcase: testCreate took 0.04 sec
Testcase: testSave took 0.05 sec
	FAILED
Assertion failed: 

assert response.redirectedUrl == '/runner/show/1'
       |        |             |
       |        null          false
       org.codehaus.groovy.grails.plugins.testing.GrailsMockHttpServletResponse@684d45c6

junit.framework.AssertionFailedError: Assertion failed: 

assert response.redirectedUrl == '/runner/show/1'
       |        |             |
       |        null          false
       org.codehaus.groovy.grails.plugins.testing.GrailsMockHttpServletResponse@684d45c6

	at racetrack.RunnerControllerTests.testSave(RunnerControllerTests.groovy:49)

Testcase: testShow took 0.064 sec
	FAILED
Assertion failed: 

assert runner.save() != null
       |      |      |
       |      null   false
       racetrack.Runner : null

junit.framework.AssertionFailedError: Assertion failed: 

assert runner.save() != null
       |      |      |
       |      null   false
       racetrack.Runner : null

	at racetrack.RunnerControllerTests.testShow(RunnerControllerTests.groovy:64)

Testcase: testEdit took 0.044 sec
	FAILED
Assertion failed: 

assert runner.save() != null
       |      |      |
       |      null   false
       racetrack.Runner : null

junit.framework.AssertionFailedError: Assertion failed: 

assert runner.save() != null
       |      |      |
       |      null   false
       racetrack.Runner : null

	at racetrack.RunnerControllerTests.testEdit(RunnerControllerTests.groovy:83)

Testcase: testUpdate took 0.038 sec
	FAILED
Assertion failed: 

assert runner.save() != null
       |      |      |
       |      null   false
       racetrack.Runner : null

junit.framework.AssertionFailedError: Assertion failed: 

assert runner.save() != null
       |      |      |
       |      null   false
       racetrack.Runner : null

	at racetrack.RunnerControllerTests.testUpdate(RunnerControllerTests.groovy:104)

Testcase: testDelete took 0.068 sec
	FAILED
Assertion failed: 

assert runner.save() != null
       |      |      |
       |      null   false
       racetrack.Runner : null

junit.framework.AssertionFailedError: Assertion failed: 

assert runner.save() != null
       |      |      |
       |      null   false
       racetrack.Runner : null

	at racetrack.RunnerControllerTests.testDelete(RunnerControllerTests.groovy:148)

